{"event_id":"evt_19bf259bf7d_b928ed400bf9e","task_id":"d-1","event_type":"TASK_RECEIVED","timestamp":"2026-01-24T23:32:06.653Z"}
{"event_id":"evt_19bf259bf84_186e61be2b9bf6","task_id":"d-1","event_type":"TASK_VALIDATED","timestamp":"2026-01-24T23:32:06.660Z"}
{"event_id":"evt_19bf259bf8a_982edd68cb9cc","task_id":"d-1","event_type":"TASK_RECEIVED","timestamp":"2026-01-24T23:32:06.667Z"}
{"event_id":"evt_19bf259bf8b_17259f25c7ddd2","task_id":"d-1","event_type":"TASK_DENIED","timestamp":"2026-01-24T23:32:06.667Z","reason":"DOMAIN_NOT_REGISTERED:nope"}
{"event_id":"evt_19bf25b9cd4_4d51e25322904","task_id":"h-exec-1","event_type":"TASK_RECEIVED","timestamp":"2026-01-24T23:34:08.852Z"}
{"event_id":"evt_19bf25b9cd9_1f183e4c384f6f","task_id":"h-exec-1","event_type":"TASK_VALIDATED","timestamp":"2026-01-24T23:34:08.857Z"}
{"event_id":"evt_19bf25b9ce0_208c766613fda2","task_id":"h-exec-2","event_type":"TASK_RECEIVED","timestamp":"2026-01-24T23:34:08.864Z"}
{"event_id":"evt_19bf25b9ce1_2c438106c8d3","task_id":"h-exec-2","event_type":"TASK_DENIED","timestamp":"2026-01-24T23:34:08.865Z","reason":"DOMAIN_SCOPE_INSUFFICIENT:hospitality:EXECUTE:task:execute"}
{"event_id":"evt_19bf25e768d_17965852df823e","task_id":"h-noop-1","event_type":"TASK_RECEIVED","timestamp":"2026-01-24T23:37:15.661Z"}
{"event_id":"evt_19bf25e7697_1750858c3eeef","task_id":"h-noop-1","event_type":"TASK_VALIDATED","timestamp":"2026-01-24T23:37:15.671Z"}
{"event_id":"evt_19bf25e7697_15a088af6e3cc9","task_id":"h-noop-1","event_type":"TASK_DISPATCHED","timestamp":"2026-01-24T23:37:15.671Z","reason":"hospitality:EXECUTE"}
{"event_id":"evt_19bf25e7697_4ed160fbae74e","task_id":"h-noop-1","event_type":"TASK_NOOP_EXECUTED","timestamp":"2026-01-24T23:37:15.671Z","reason":"NOOP_EXECUTION_SKELETON"}
{"event_id":"evt_19bf2610abb_beda14f1bb9aa","task_id":"h-exec-stub-1","event_type":"TASK_RECEIVED","timestamp":"2026-01-24T23:40:04.667Z"}
{"event_id":"evt_19bf2610ac5_186b75d16a7053","task_id":"h-exec-stub-1","event_type":"TASK_VALIDATED","timestamp":"2026-01-24T23:40:04.677Z"}
{"event_id":"evt_19bf2610ac6_165d4c316ecec","task_id":"h-exec-stub-1","event_type":"TASK_DISPATCHED","timestamp":"2026-01-24T23:40:04.678Z","reason":"hospitality:EXECUTE"}
{"event_id":"evt_19bf2610ac7_1aa9e4fa864163","task_id":"h-exec-stub-1","event_type":"TASK_EXECUTED","timestamp":"2026-01-24T23:40:04.679Z","reason":"OK"}
{"event_id":"evt_19bf265b948_16cea0661c849b","task_id":"h-rate-1","event_type":"TASK_RECEIVED","timestamp":"2026-01-24T23:45:11.496Z"}
{"event_id":"evt_19bf265b94f_18fdcafe174f84","task_id":"h-rate-1","event_type":"TASK_VALIDATED","timestamp":"2026-01-24T23:45:11.503Z"}
{"event_id":"evt_19bf265b950_15062754408778","task_id":"h-rate-1","event_type":"TASK_DISPATCHED","timestamp":"2026-01-24T23:45:11.504Z","reason":"hospitality:EXECUTE"}
{"event_id":"evt_19bf265b952_dde2393aa065c","task_id":"h-rate-1","event_type":"TASK_EXECUTED","timestamp":"2026-01-24T23:45:11.506Z","reason":"OK"}
{"event_id":"evt_19bf265b95e_1735fba21ea24","task_id":"h-tariff-1","event_type":"TASK_RECEIVED","timestamp":"2026-01-24T23:45:11.518Z"}
{"event_id":"evt_19bf265b95f_2335b8acd0fe8c","task_id":"h-tariff-1","event_type":"TASK_VALIDATED","timestamp":"2026-01-24T23:45:11.519Z"}
{"event_id":"evt_19bf265b95f_219d2148a4868","task_id":"h-tariff-1","event_type":"TASK_DISPATCHED","timestamp":"2026-01-24T23:45:11.519Z","reason":"hospitality:EXECUTE"}
{"event_id":"evt_19bf265b95f_e162c95b56583","task_id":"h-tariff-1","event_type":"TASK_EXECUTED","timestamp":"2026-01-24T23:45:11.519Z","reason":"OK"}
{"event_id":"evt_19bf265b960_1feecaaf283f6c","task_id":"h-invoice-1","event_type":"TASK_RECEIVED","timestamp":"2026-01-24T23:45:11.520Z"}
{"event_id":"evt_19bf265b961_119313ae71f272","task_id":"h-invoice-1","event_type":"TASK_VALIDATED","timestamp":"2026-01-24T23:45:11.521Z"}
{"event_id":"evt_19bf265b961_140550bb48bdc1","task_id":"h-invoice-1","event_type":"TASK_DISPATCHED","timestamp":"2026-01-24T23:45:11.521Z","reason":"hospitality:EXECUTE"}
{"event_id":"evt_19bf265b961_1779947fb3b014","task_id":"h-invoice-1","event_type":"TASK_EXECUTED","timestamp":"2026-01-24T23:45:11.521Z","reason":"OK"}
{"event_id":"evt_19bf265b962_1ce1ace8564127","task_id":"h-bad-1","event_type":"TASK_RECEIVED","timestamp":"2026-01-24T23:45:11.522Z"}
{"event_id":"evt_19bf265b963_a2a22e9761cd8","task_id":"h-bad-1","event_type":"TASK_VALIDATED","timestamp":"2026-01-24T23:45:11.523Z"}
{"event_id":"evt_19bf265b963_1f3335e8e8b6af","task_id":"h-bad-1","event_type":"TASK_DISPATCHED","timestamp":"2026-01-24T23:45:11.523Z","reason":"hospitality:EXECUTE"}
{"event_id":"evt_19bf265b963_12b195c987ccf2","task_id":"h-bad-1","event_type":"TASK_EXECUTED","timestamp":"2026-01-24T23:45:11.523Z","reason":"ERROR"}
{"event_id":"evt_19bf2683b1d_864b9a7a7e673","task_id":"h-rate-scope-ok-1","event_type":"TASK_RECEIVED","timestamp":"2026-01-24T23:47:55.805Z"}
{"event_id":"evt_19bf2683b22_c47eb420abfdf","task_id":"h-rate-scope-ok-1","event_type":"TASK_VALIDATED","timestamp":"2026-01-24T23:47:55.810Z"}
{"event_id":"evt_19bf2683b23_114189da4407ed","task_id":"h-rate-scope-ok-1","event_type":"TASK_DISPATCHED","timestamp":"2026-01-24T23:47:55.811Z","reason":"hospitality:EXECUTE"}
{"event_id":"evt_19bf2683b25_1162fda0e11a6c","task_id":"h-rate-scope-ok-1","event_type":"TASK_EXECUTED","timestamp":"2026-01-24T23:47:55.813Z","reason":"OK"}
{"event_id":"evt_19bf2683b31_f991ece3d4857","task_id":"h-rate-scope-bad-1","event_type":"TASK_RECEIVED","timestamp":"2026-01-24T23:47:55.825Z"}
{"event_id":"evt_19bf2683b32_893232fad7a9","task_id":"h-rate-scope-bad-1","event_type":"TASK_VALIDATED","timestamp":"2026-01-24T23:47:55.826Z"}
{"event_id":"evt_19bf2683b33_7eed44404fc8a","task_id":"h-rate-scope-bad-1","event_type":"TASK_DISPATCHED","timestamp":"2026-01-24T23:47:55.827Z","reason":"hospitality:EXECUTE"}
{"event_id":"evt_19bf2683b33_c10c6367c0efa","task_id":"h-rate-scope-bad-1","event_type":"TASK_EXECUTED","timestamp":"2026-01-24T23:47:55.827Z","reason":"ERROR"}
{"event_id":"evt_19bf2683b34_2ea6166ca06e0","task_id":"h-domain-scope-bad-1","event_type":"TASK_RECEIVED","timestamp":"2026-01-24T23:47:55.828Z"}
{"event_id":"evt_19bf2683b35_e61db8479d3ae","task_id":"h-domain-scope-bad-1","event_type":"TASK_DENIED","timestamp":"2026-01-24T23:47:55.829Z","reason":"DOMAIN_SCOPE_INSUFFICIENT:hospitality:EXECUTE:hospitality:execute"}
